2016/11/12 14:48:41.098  INFO (App.java:15) - info Hello World!
2016/11/12 14:48:41.101  WARN (App.java:17) - warn Hello World
2016/11/12 14:48:41.101 ERROR (App.java:18) - error Hello World
2016/11/12 14:48:41.101 FATAL (App.java:19) - fatal Hello World
2016/11/12 14:48:41.102 FATAL (App.java:27) - Exp : java.lang.ArithmeticException: / by zero
2016/11/12 14:48:48.778  INFO (App.java:15) - info Hello World!
2016/11/12 14:48:48.780  WARN (App.java:17) - warn Hello World
2016/11/12 14:48:48.780 ERROR (App.java:18) - error Hello World
2016/11/12 14:48:48.780 FATAL (App.java:19) - fatal Hello World
2016/11/12 14:48:48.780 FATAL (App.java:27) - Exp : java.lang.ArithmeticException: / by zero
2016/11/12 14:49:05.059  INFO (App.java:15) - info Hello World!
2016/11/12 14:49:05.060  WARN (App.java:17) - warn Hello World
2016/11/12 14:49:05.061 ERROR (App.java:18) - error Hello World
2016/11/12 14:49:05.061 FATAL (App.java:19) - fatal Hello World
2016/11/12 14:49:05.061 FATAL (App.java:27) - Exp : java.lang.ArithmeticException: / by zero
2016/11/12 14:49:11.952  INFO (App.java:15) - info Hello World!
2016/11/12 14:49:11.954  WARN (App.java:17) - warn Hello World
2016/11/12 14:49:11.954 ERROR (App.java:18) - error Hello World
2016/11/12 14:49:11.954 FATAL (App.java:19) - fatal Hello World
2016/11/12 14:49:11.954 FATAL (App.java:27) - Exp : java.lang.ArithmeticException: / by zero
